<?xml version="1.0" encoding="UTF-8"?>
<!-- Generated by org.testng.reporters.JUnitXMLReporter -->
<testsuite hostname="Islam-PC" name="Default test(failed)" tests="2" failures="1" timestamp="18 Oct 2016 01:05:48 GMT" time="0.043" errors="0">
  <testcase name="t2" time="0.015" classname="fynal.D">
    <failure type="java.lang.AssertionError" message="expected [d] but found [s]">
      <![CDATA[java.lang.AssertionError: expected [d] but found [s]
	at fynal.D.t2(D.java:29)
... Removed 31 stack frames]]>
    </failure>
  </testcase> <!-- t2 -->
  <testcase name="t" time="0.001" classname="fynal.D"/>
</testsuite> <!-- Default test(failed) -->
